<?xml version="1.0" encoding="UTF-8"?>
<!-- Generated by org.testng.reporters.JUnitXMLReporter -->
<testsuite ignored="3" hostname="DESKTOP-I5SV6OR" failures="0" tests="1" name="EdgeTest" time="81.709" errors="0" timestamp="2025-04-16T20:59:05 IST">
  <testcase classname="testScript.LoginTest" name="verifyWhetherTheUserIsAbleToLoginUsingValidCredentials" time="0.001">
    <skipped/>
  </testcase> <!-- verifyWhetherTheUserIsAbleToLoginUsingValidCredentials -->
  <testcase classname="testScript.LoginTest" name="verifyWhetherTheUserIsNotAbleToLoginUsingInvalidUserNameAndValidPassword" time="0.0">
    <ignored/>
  </testcase> <!-- verifyWhetherTheUserIsNotAbleToLoginUsingInvalidUserNameAndValidPassword -->
  <testcase classname="testScript.LoginTest" name="verifyWhetherTheUserIsNotAbleToLoginUsingValidUserNameAndInValidPassword" time="0.0">
    <ignored/>
  </testcase> <!-- verifyWhetherTheUserIsNotAbleToLoginUsingValidUserNameAndInValidPassword -->
  <testcase classname="testScript.LoginTest" name="verifyWhetherTheUserIsNotAbleToLoginUsingInValidUserNameAndInValidPassword" time="0.0">
    <ignored/>
  </testcase> <!-- verifyWhetherTheUserIsNotAbleToLoginUsingInValidUserNameAndInValidPassword -->
</testsuite> <!-- EdgeTest -->
