<?xml version="1.0" encoding="UTF-8"?>
<testng-results ignored="0" total="1" passed="1" failed="0" skipped="0">
  <reporter-output>
  </reporter-output>
  <suite started-at="2025-04-24T20:16:19 IST" name="Suite" finished-at="2025-04-24T20:16:36 IST" duration-ms="17097">
    <groups>
      <group name="regression">
        <method signature="LoginTest.verifyWhetherTheUserIsAbleToLoginUsingValidCredentials()[pri:0, instance:testScript.LoginTest@19e4653c]" name="verifyWhetherTheUserIsAbleToLoginUsingValidCredentials" class="testScript.LoginTest"/>
      </group> <!-- regression -->
    </groups>
    <test started-at="2025-04-24T20:16:19 IST" name="Test" finished-at="2025-04-24T20:16:36 IST" duration-ms="17097">
      <class name="testScript.LoginTest">
        <test-method is-config="true" signature="browserInitialization(java.lang.String)[pri:0, instance:testScript.LoginTest@19e4653c]" started-at="2025-04-24T20:16:19 IST" name="browserInitialization" finished-at="2025-04-24T20:16:29 IST" duration-ms="9818" status="PASS">
          <params>
            <param index="0">
              <value>
                <![CDATA[chrome]]>
              </value>
            </param>
          </params>
          <reporter-output>
          </reporter-output>
        </test-method> <!-- browserInitialization -->
        <test-method signature="verifyWhetherTheUserIsAbleToLoginUsingValidCredentials()[pri:0, instance:testScript.LoginTest@19e4653c]" started-at="2025-04-24T20:16:29 IST" name="verifyWhetherTheUserIsAbleToLoginUsingValidCredentials" finished-at="2025-04-24T20:16:35 IST" duration-ms="6359" status="PASS">
          <reporter-output>
          </reporter-output>
        </test-method> <!-- verifyWhetherTheUserIsAbleToLoginUsingValidCredentials -->
        <test-method is-config="true" signature="browserQuit(org.testng.ITestResult)[pri:0, instance:testScript.LoginTest@19e4653c]" started-at="2025-04-24T20:16:35 IST" name="browserQuit" finished-at="2025-04-24T20:16:36 IST" duration-ms="701" status="PASS">
          <params>
            <param index="0">
              <value>
                <![CDATA[[TestResult name=verifyWhetherTheUserIsAbleToLoginUsingValidCredentials status=SUCCESS method=LoginTest.verifyWhetherTheUserIsAbleToLoginUsingValidCredentials()[pri:0, instance:testScript.LoginTest@19e4653c] output={null}]]]>
              </value>
            </param>
          </params>
          <reporter-output>
          </reporter-output>
        </test-method> <!-- browserQuit -->
      </class> <!-- testScript.LoginTest -->
    </test> <!-- Test -->
  </suite> <!-- Suite -->
</testng-results>
