<?xml version="1.0" encoding="UTF-8"?>
<testng-results ignored="0" total="1" passed="1" failed="0" skipped="0">
  <reporter-output>
  </reporter-output>
  <suite started-at="2025-05-02T11:12:50 IST" name="Suite" finished-at="2025-05-02T11:13:04 IST" duration-ms="13816">
    <groups>
      <group name="regression">
        <method signature="LoginTest.verifyWhetherTheUserIsAbleToLoginUsingValidCredentials()[pri:0, instance:testScript.LoginTest@387a8303]" name="verifyWhetherTheUserIsAbleToLoginUsingValidCredentials" class="testScript.LoginTest"/>
      </group> <!-- regression -->
    </groups>
    <test started-at="2025-05-02T11:12:50 IST" name="Test" finished-at="2025-05-02T11:13:04 IST" duration-ms="13816">
      <class name="testScript.LoginTest">
        <test-method is-config="true" signature="browserInitialization(java.lang.String)[pri:0, instance:testScript.LoginTest@387a8303]" started-at="2025-05-02T11:12:50 IST" name="browserInitialization" finished-at="2025-05-02T11:12:58 IST" duration-ms="7799" status="PASS">
          <params>
            <param index="0">
              <value>
                <![CDATA[chrome]]>
              </value>
            </param>
          </params>
          <reporter-output>
          </reporter-output>
        </test-method> <!-- browserInitialization -->
        <test-method signature="verifyWhetherTheUserIsAbleToLoginUsingValidCredentials()[pri:0, instance:testScript.LoginTest@387a8303]" started-at="2025-05-02T11:12:58 IST" name="verifyWhetherTheUserIsAbleToLoginUsingValidCredentials" description="login verification" finished-at="2025-05-02T11:13:03 IST" duration-ms="5158" status="PASS">
          <reporter-output>
          </reporter-output>
        </test-method> <!-- verifyWhetherTheUserIsAbleToLoginUsingValidCredentials -->
        <test-method is-config="true" signature="browserQuit(org.testng.ITestResult)[pri:0, instance:testScript.LoginTest@387a8303]" started-at="2025-05-02T11:13:03 IST" name="browserQuit" finished-at="2025-05-02T11:13:04 IST" duration-ms="693" status="PASS">
          <params>
            <param index="0">
              <value>
                <![CDATA[[TestResult name=verifyWhetherTheUserIsAbleToLoginUsingValidCredentials status=SUCCESS method=LoginTest.verifyWhetherTheUserIsAbleToLoginUsingValidCredentials()[pri:0, instance:testScript.LoginTest@387a8303] output={null}]]]>
              </value>
            </param>
          </params>
          <reporter-output>
          </reporter-output>
        </test-method> <!-- browserQuit -->
      </class> <!-- testScript.LoginTest -->
    </test> <!-- Test -->
  </suite> <!-- Suite -->
</testng-results>
